Started GET "/videos" for ::1 at 2017-09-05 11:26:13 -0400
  
ActionController::RoutingError (No route matches [GET] "/videos"):
  
actionpack (5.1.3) lib/action_dispatch/middleware/debug_exceptions.rb:63:in `call'
actionpack (5.1.3) lib/action_dispatch/middleware/show_exceptions.rb:31:in `call'
railties (5.1.3) lib/rails/rack/logger.rb:36:in `call_app'
railties (5.1.3) lib/rails/rack/logger.rb:24:in `block in call'
activesupport (5.1.3) lib/active_support/tagged_logging.rb:69:in `block in tagged'
activesupport (5.1.3) lib/active_support/tagged_logging.rb:26:in `tagged'
activesupport (5.1.3) lib/active_support/tagged_logging.rb:69:in `tagged'
railties (5.1.3) lib/rails/rack/logger.rb:24:in `call'
actionpack (5.1.3) lib/action_dispatch/middleware/remote_ip.rb:79:in `call'
actionpack (5.1.3) lib/action_dispatch/middleware/request_id.rb:25:in `call'
rack (2.0.3) lib/rack/runtime.rb:22:in `call'
activesupport (5.1.3) lib/active_support/cache/strategy/local_cache_middleware.rb:27:in `call'
actionpack (5.1.3) lib/action_dispatch/middleware/executor.rb:12:in `call'
actionpack (5.1.3) lib/action_dispatch/middleware/static.rb:125:in `call'
rack (2.0.3) lib/rack/sendfile.rb:111:in `call'
railties (5.1.3) lib/rails/engine.rb:522:in `call'
rack (2.0.3) lib/rack/handler/webrick.rb:86:in `service'
/Users/acopquin/.rvm/rubies/ruby-2.4.1/lib/ruby/2.4.0/webrick/httpserver.rb:140:in `service'
/Users/acopquin/.rvm/rubies/ruby-2.4.1/lib/ruby/2.4.0/webrick/httpserver.rb:96:in `run'
/Users/acopquin/.rvm/rubies/ruby-2.4.1/lib/ruby/2.4.0/webrick/server.rb:290:in `block in start_thread'
Started GET "/videos/videos" for ::1 at 2017-09-05 11:27:11 -0400
Processing by Videos::VideosController#index as */*
MONGODB | Topology type 'unknown' initializing.
MONGODB | Server localhost:27017 initializing.
MONGODB | Topology type 'unknown' changed to type 'single'.
MONGODB | Server description for localhost:27017 changed from 'unknown' to 'standalone'.
MONGODB | There was a change in the members of the 'single' topology.
MONGODB | localhost:27017 | video_manager_development.find | STARTED | {"find"=>"videos_videos", "filter"=>{}}
MONGODB | localhost:27017 | video_manager_development.find | SUCCEEDED | 0.006942s
Completed 200 OK in 17ms (Views: 10.2ms)


Started GET "/videos/videos" for ::1 at 2017-09-05 11:27:36 -0400
Processing by Videos::VideosController#show as */*
  Parameters: {"id"=>"videos"}
MONGODB | localhost:27017 | video_manager_development.find | STARTED | {"find"=>"videos_videos", "filter"=>{"_id"=>"videos"}}
MONGODB | localhost:27017 | video_manager_development.find | SUCCEEDED | 0.00157s
Completed 404 Not Found in 443ms


  
Mongoid::Errors::DocumentNotFound (
message:
  Document(s) not found for class Videos::Video with id(s) videos.
summary:
  When calling Videos::Video.find with an id or array of ids, each parameter must match a document in the database or this error will be raised. The search was for the id(s): videos ... (1 total) and the following ids were not found: videos.
resolution:
  Search for an id that is in the database or set the Mongoid.raise_not_found_error configuration option to false, which will cause a nil to be returned instead of raising this error when searching for a single id, or only the matched documents when searching for multiples.):
  
mongoid (6.1.1) lib/mongoid/criteria.rb:459:in `check_for_missing_documents!'
mongoid (6.1.1) lib/mongoid/criteria/findable.rb:21:in `execute_or_raise'
mongoid (6.1.1) lib/mongoid/criteria/findable.rb:41:in `find'
mongoid (6.1.1) lib/mongoid/findable.rb:94:in `find'
/Users/acopquin/Desktop/projects/video_manager/videos/app/controllers/videos/videos_controller.rb:47:in `set_video'
activesupport (5.1.3) lib/active_support/callbacks.rb:413:in `block in make_lambda'
activesupport (5.1.3) lib/active_support/callbacks.rb:178:in `block (2 levels) in halting_and_conditional'
actionpack (5.1.3) lib/abstract_controller/callbacks.rb:12:in `block (2 levels) in <module:Callbacks>'
activesupport (5.1.3) lib/active_support/callbacks.rb:179:in `block in halting_and_conditional'
activesupport (5.1.3) lib/active_support/callbacks.rb:507:in `block in invoke_before'
activesupport (5.1.3) lib/active_support/callbacks.rb:507:in `each'
activesupport (5.1.3) lib/active_support/callbacks.rb:507:in `invoke_before'
activesupport (5.1.3) lib/active_support/callbacks.rb:130:in `run_callbacks'
actionpack (5.1.3) lib/abstract_controller/callbacks.rb:19:in `process_action'
actionpack (5.1.3) lib/action_controller/metal/rescue.rb:20:in `process_action'
actionpack (5.1.3) lib/action_controller/metal/instrumentation.rb:32:in `block in process_action'
activesupport (5.1.3) lib/active_support/notifications.rb:166:in `block in instrument'
activesupport (5.1.3) lib/active_support/notifications/instrumenter.rb:21:in `instrument'
activesupport (5.1.3) lib/active_support/notifications.rb:166:in `instrument'
actionpack (5.1.3) lib/action_controller/metal/instrumentation.rb:30:in `process_action'
actionpack (5.1.3) lib/action_controller/metal/params_wrapper.rb:252:in `process_action'
actionpack (5.1.3) lib/abstract_controller/base.rb:124:in `process'
actionpack (5.1.3) lib/action_controller/metal.rb:189:in `dispatch'
actionpack (5.1.3) lib/action_controller/metal.rb:253:in `dispatch'
actionpack (5.1.3) lib/action_dispatch/routing/route_set.rb:49:in `dispatch'
actionpack (5.1.3) lib/action_dispatch/routing/route_set.rb:31:in `serve'
actionpack (5.1.3) lib/action_dispatch/journey/router.rb:46:in `block in serve'
actionpack (5.1.3) lib/action_dispatch/journey/router.rb:33:in `each'
actionpack (5.1.3) lib/action_dispatch/journey/router.rb:33:in `serve'
actionpack (5.1.3) lib/action_dispatch/routing/route_set.rb:834:in `call'
railties (5.1.3) lib/rails/engine.rb:522:in `call'
railties (5.1.3) lib/rails/railtie.rb:185:in `public_send'
railties (5.1.3) lib/rails/railtie.rb:185:in `method_missing'
actionpack (5.1.3) lib/action_dispatch/routing/mapper.rb:17:in `block in <class:Constraints>'
actionpack (5.1.3) lib/action_dispatch/routing/mapper.rb:46:in `serve'
actionpack (5.1.3) lib/action_dispatch/journey/router.rb:46:in `block in serve'
actionpack (5.1.3) lib/action_dispatch/journey/router.rb:33:in `each'
actionpack (5.1.3) lib/action_dispatch/journey/router.rb:33:in `serve'
actionpack (5.1.3) lib/action_dispatch/routing/route_set.rb:834:in `call'
rack (2.0.3) lib/rack/etag.rb:25:in `call'
rack (2.0.3) lib/rack/conditional_get.rb:25:in `call'
rack (2.0.3) lib/rack/head.rb:12:in `call'
actionpack (5.1.3) lib/action_dispatch/middleware/callbacks.rb:26:in `block in call'
activesupport (5.1.3) lib/active_support/callbacks.rb:97:in `run_callbacks'
actionpack (5.1.3) lib/action_dispatch/middleware/callbacks.rb:24:in `call'
actionpack (5.1.3) lib/action_dispatch/middleware/executor.rb:12:in `call'
actionpack (5.1.3) lib/action_dispatch/middleware/debug_exceptions.rb:59:in `call'
actionpack (5.1.3) lib/action_dispatch/middleware/show_exceptions.rb:31:in `call'
railties (5.1.3) lib/rails/rack/logger.rb:36:in `call_app'
railties (5.1.3) lib/rails/rack/logger.rb:24:in `block in call'
activesupport (5.1.3) lib/active_support/tagged_logging.rb:69:in `block in tagged'
activesupport (5.1.3) lib/active_support/tagged_logging.rb:26:in `tagged'
activesupport (5.1.3) lib/active_support/tagged_logging.rb:69:in `tagged'
railties (5.1.3) lib/rails/rack/logger.rb:24:in `call'
actionpack (5.1.3) lib/action_dispatch/middleware/remote_ip.rb:79:in `call'
actionpack (5.1.3) lib/action_dispatch/middleware/request_id.rb:25:in `call'
rack (2.0.3) lib/rack/runtime.rb:22:in `call'
activesupport (5.1.3) lib/active_support/cache/strategy/local_cache_middleware.rb:27:in `call'
actionpack (5.1.3) lib/action_dispatch/middleware/executor.rb:12:in `call'
actionpack (5.1.3) lib/action_dispatch/middleware/static.rb:125:in `call'
rack (2.0.3) lib/rack/sendfile.rb:111:in `call'
railties (5.1.3) lib/rails/engine.rb:522:in `call'
rack (2.0.3) lib/rack/handler/webrick.rb:86:in `service'
/Users/acopquin/.rvm/rubies/ruby-2.4.1/lib/ruby/2.4.0/webrick/httpserver.rb:140:in `service'
/Users/acopquin/.rvm/rubies/ruby-2.4.1/lib/ruby/2.4.0/webrick/httpserver.rb:96:in `run'
/Users/acopquin/.rvm/rubies/ruby-2.4.1/lib/ruby/2.4.0/webrick/server.rb:290:in `block in start_thread'
Started GET "/videos" for ::1 at 2017-09-05 11:27:41 -0400
Processing by Videos::VideosController#index as */*
MONGODB | localhost:27017 | video_manager_development.find | STARTED | {"find"=>"videos_videos", "filter"=>{}}
MONGODB | localhost:27017 | video_manager_development.find | SUCCEEDED | 0.00030900000000000003s
Completed 200 OK in 1ms (Views: 1.0ms)


Started GET "/videos" for ::1 at 2017-09-05 12:06:54 -0400
Processing by Videos::VideosController#index as */*
MONGODB | Topology type 'unknown' initializing.
MONGODB | Server localhost:27017 initializing.
MONGODB | Topology type 'unknown' changed to type 'single'.
MONGODB | Server description for localhost:27017 changed from 'unknown' to 'standalone'.
MONGODB | There was a change in the members of the 'single' topology.
MONGODB | localhost:27017 | videos_development.find | STARTED | {"find"=>"videos_videos", "filter"=>{}}
MONGODB | localhost:27017 | videos_development.find | SUCCEEDED | 0.000616s
Completed 200 OK in 10ms (Views: 3.3ms)


Started POST "/videos" for ::1 at 2017-09-05 12:07:34 -0400
Processing by Videos::VideosController#create as */*
  Parameters: {"video"=>{"title"=>"hello world", "description"=>"nice planet"}}
MONGODB | localhost:27017 | videos_development.insert | STARTED | {"insert"=>"videos_videos", "documents"=>[{"_id"=>BSON::ObjectId('59aecbc6e05ce2162f376768'), "title"=>"hello world", "description"=>"nice planet"}], "ordered"=>true}
MONGODB | localhost:27017 | videos_development.insert | SUCCEEDED | 0.36257700000000004s
Completed 201 Created in 366ms (Views: 0.9ms)


Started GET "/videos" for ::1 at 2017-09-05 12:07:51 -0400
Processing by Videos::VideosController#index as */*
MONGODB | localhost:27017 | videos_development.find | STARTED | {"find"=>"videos_videos", "filter"=>{}}
MONGODB | localhost:27017 | videos_development.find | SUCCEEDED | 0.000314s
Completed 200 OK in 1ms (Views: 1.0ms)


Started POST "/videos" for ::1 at 2017-09-05 13:32:02 -0400
Overwriting existing field _id in class Videos::Video.
Processing by Videos::VideosController#create as */*
  Parameters: {"video"=>{"description"=>"not validt"}}
Completed 422 Unprocessable Entity in 417ms (Views: 0.5ms)


Started POST "/videos" for ::1 at 2017-09-05 13:32:16 -0400
Processing by Videos::VideosController#create as */*
  Parameters: {"video"=>{"title"=>"am I valid?", "description"=>"you are !"}}
MONGODB | Topology type 'unknown' initializing.
MONGODB | Server localhost:27017 initializing.
MONGODB | Topology type 'unknown' changed to type 'single'.
MONGODB | Server description for localhost:27017 changed from 'unknown' to 'standalone'.
MONGODB | There was a change in the members of the 'single' topology.
MONGODB | localhost:27017 | videos_development.insert | STARTED | {"insert"=>"videos_videos", "documents"=>[{"title"=>"am I valid?", "description"=>"you are !", "_id"=>"8372c902-2885-4cc6-afee-6cddfb52e4fb", "updated_at"=>2017-09-05 17:32:16 UTC, "created_at"=>2017-09-05 17:32:16 UTC}], "ordered"=>true}
MONGODB | localhost:27017 | videos_development.insert | SUCCEEDED | 0.0006050000000000001s
Completed 201 Created in 5ms (Views: 1.0ms)


Started GET "/videos/8372c902-2885-4cc6-afee-6cddfb52e4fb" for ::1 at 2017-09-05 13:39:03 -0400
Processing by Videos::VideosController#show as */*
  Parameters: {"id"=>"8372c902-2885-4cc6-afee-6cddfb52e4fb"}
Overwriting existing field _id in class Videos::Video.
MONGODB | Topology type 'unknown' initializing.
MONGODB | Server localhost:27017 initializing.
MONGODB | Topology type 'unknown' changed to type 'single'.
MONGODB | Server description for localhost:27017 changed from 'unknown' to 'standalone'.
MONGODB | There was a change in the members of the 'single' topology.
MONGODB | localhost:27017 | videos_development.find | STARTED | {"find"=>"videos_videos", "filter"=>{"_id"=>"8372c902-2885-4cc6-afee-6cddfb52e4fb"}}
MONGODB | localhost:27017 | videos_development.find | SUCCEEDED | 0.00088s
Completed 200 OK in 21ms (Views: 0.5ms)


Started PUT "/videos/8372c902-2885-4cc6-afee-6cddfb52e4fb" for ::1 at 2017-09-05 13:39:42 -0400
Processing by Videos::VideosController#update as */*
  Parameters: {"videos"=>{"prrr"=>"jajaja"}, "id"=>"8372c902-2885-4cc6-afee-6cddfb52e4fb", "video"=>{}}
MONGODB | localhost:27017 | videos_development.find | STARTED | {"find"=>"videos_videos", "filter"=>{"_id"=>"8372c902-2885-4cc6-afee-6cddfb52e4fb"}}
MONGODB | localhost:27017 | videos_development.find | SUCCEEDED | 0.000351s
Completed 400 Bad Request in 1ms


  
ActionController::ParameterMissing (param is missing or the value is empty: video):
  
actionpack (5.1.3) lib/action_controller/metal/strong_parameters.rb:437:in `require'
/Users/acopquin/Desktop/projects/video_manager/videos/app/controllers/videos/videos_controller.rb:52:in `video_params'
/Users/acopquin/Desktop/projects/video_manager/videos/app/controllers/videos/videos_controller.rb:32:in `update'
actionpack (5.1.3) lib/action_controller/metal/basic_implicit_render.rb:4:in `send_action'
actionpack (5.1.3) lib/abstract_controller/base.rb:186:in `process_action'
actionpack (5.1.3) lib/action_controller/metal/rendering.rb:30:in `process_action'
actionpack (5.1.3) lib/abstract_controller/callbacks.rb:20:in `block in process_action'
activesupport (5.1.3) lib/active_support/callbacks.rb:131:in `run_callbacks'
actionpack (5.1.3) lib/abstract_controller/callbacks.rb:19:in `process_action'
actionpack (5.1.3) lib/action_controller/metal/rescue.rb:20:in `process_action'
actionpack (5.1.3) lib/action_controller/metal/instrumentation.rb:32:in `block in process_action'
activesupport (5.1.3) lib/active_support/notifications.rb:166:in `block in instrument'
activesupport (5.1.3) lib/active_support/notifications/instrumenter.rb:21:in `instrument'
activesupport (5.1.3) lib/active_support/notifications.rb:166:in `instrument'
actionpack (5.1.3) lib/action_controller/metal/instrumentation.rb:30:in `process_action'
actionpack (5.1.3) lib/action_controller/metal/params_wrapper.rb:252:in `process_action'
actionpack (5.1.3) lib/abstract_controller/base.rb:124:in `process'
actionpack (5.1.3) lib/action_controller/metal.rb:189:in `dispatch'
actionpack (5.1.3) lib/action_controller/metal.rb:253:in `dispatch'
actionpack (5.1.3) lib/action_dispatch/routing/route_set.rb:49:in `dispatch'
actionpack (5.1.3) lib/action_dispatch/routing/route_set.rb:31:in `serve'
actionpack (5.1.3) lib/action_dispatch/journey/router.rb:46:in `block in serve'
actionpack (5.1.3) lib/action_dispatch/journey/router.rb:33:in `each'
actionpack (5.1.3) lib/action_dispatch/journey/router.rb:33:in `serve'
actionpack (5.1.3) lib/action_dispatch/routing/route_set.rb:834:in `call'
railties (5.1.3) lib/rails/engine.rb:522:in `call'
railties (5.1.3) lib/rails/railtie.rb:185:in `public_send'
railties (5.1.3) lib/rails/railtie.rb:185:in `method_missing'
actionpack (5.1.3) lib/action_dispatch/routing/mapper.rb:17:in `block in <class:Constraints>'
actionpack (5.1.3) lib/action_dispatch/routing/mapper.rb:46:in `serve'
actionpack (5.1.3) lib/action_dispatch/journey/router.rb:46:in `block in serve'
actionpack (5.1.3) lib/action_dispatch/journey/router.rb:33:in `each'
actionpack (5.1.3) lib/action_dispatch/journey/router.rb:33:in `serve'
actionpack (5.1.3) lib/action_dispatch/routing/route_set.rb:834:in `call'
rack (2.0.3) lib/rack/etag.rb:25:in `call'
rack (2.0.3) lib/rack/conditional_get.rb:38:in `call'
rack (2.0.3) lib/rack/head.rb:12:in `call'
actionpack (5.1.3) lib/action_dispatch/middleware/callbacks.rb:26:in `block in call'
activesupport (5.1.3) lib/active_support/callbacks.rb:97:in `run_callbacks'
actionpack (5.1.3) lib/action_dispatch/middleware/callbacks.rb:24:in `call'
actionpack (5.1.3) lib/action_dispatch/middleware/executor.rb:12:in `call'
actionpack (5.1.3) lib/action_dispatch/middleware/debug_exceptions.rb:59:in `call'
actionpack (5.1.3) lib/action_dispatch/middleware/show_exceptions.rb:31:in `call'
railties (5.1.3) lib/rails/rack/logger.rb:36:in `call_app'
railties (5.1.3) lib/rails/rack/logger.rb:24:in `block in call'
activesupport (5.1.3) lib/active_support/tagged_logging.rb:69:in `block in tagged'
activesupport (5.1.3) lib/active_support/tagged_logging.rb:26:in `tagged'
activesupport (5.1.3) lib/active_support/tagged_logging.rb:69:in `tagged'
railties (5.1.3) lib/rails/rack/logger.rb:24:in `call'
actionpack (5.1.3) lib/action_dispatch/middleware/remote_ip.rb:79:in `call'
actionpack (5.1.3) lib/action_dispatch/middleware/request_id.rb:25:in `call'
rack (2.0.3) lib/rack/runtime.rb:22:in `call'
activesupport (5.1.3) lib/active_support/cache/strategy/local_cache_middleware.rb:27:in `call'
actionpack (5.1.3) lib/action_dispatch/middleware/executor.rb:12:in `call'
actionpack (5.1.3) lib/action_dispatch/middleware/static.rb:125:in `call'
rack (2.0.3) lib/rack/sendfile.rb:111:in `call'
railties (5.1.3) lib/rails/engine.rb:522:in `call'
rack (2.0.3) lib/rack/handler/webrick.rb:86:in `service'
/Users/acopquin/.rvm/rubies/ruby-2.4.1/lib/ruby/2.4.0/webrick/httpserver.rb:140:in `service'
/Users/acopquin/.rvm/rubies/ruby-2.4.1/lib/ruby/2.4.0/webrick/httpserver.rb:96:in `run'
/Users/acopquin/.rvm/rubies/ruby-2.4.1/lib/ruby/2.4.0/webrick/server.rb:290:in `block in start_thread'
Started PUT "/videos/8372c902-2885-4cc6-afee-6cddfb52e4fb" for ::1 at 2017-09-05 13:39:53 -0400
Processing by Videos::VideosController#update as */*
  Parameters: {"video"=>{"prrr"=>"jajaja"}, "id"=>"8372c902-2885-4cc6-afee-6cddfb52e4fb"}
MONGODB | localhost:27017 | videos_development.find | STARTED | {"find"=>"videos_videos", "filter"=>{"_id"=>"8372c902-2885-4cc6-afee-6cddfb52e4fb"}}
MONGODB | localhost:27017 | videos_development.find | SUCCEEDED | 0.000376s
Unpermitted parameter: :prrr
Completed 200 OK in 4ms (Views: 0.3ms)


Overwriting existing field _id in class Videos::Video.
MONGODB | Topology type 'unknown' initializing.
MONGODB | Server localhost:27017 initializing.
MONGODB | Topology type 'unknown' changed to type 'single'.
MONGODB | Server description for localhost:27017 changed from 'unknown' to 'standalone'.
MONGODB | There was a change in the members of the 'single' topology.
MONGODB | localhost:27017 | videos_development.insert | STARTED | {"insert"=>"videos_videos", "documents"=>[{"title"=>"hello", "description"=>"world", "_id"=>"b950550a-e75e-488f-a770-fbffa7b0dbf5", "updated_at"=>2017-09-06 01:25:42 UTC, "created_at"=>2017-09-06 01:25:42 UTC}], "ordered"=>true}
MONGODB | localhost:27017 | videos_development.insert | SUCCEEDED | 0.011328999999999999s
Overwriting existing field _id in class Videos::Video.
MONGODB | Topology type 'unknown' initializing.
MONGODB | Server localhost:27017 initializing.
MONGODB | Topology type 'unknown' changed to type 'single'.
MONGODB | Server description for localhost:27017 changed from 'unknown' to 'standalone'.
MONGODB | There was a change in the members of the 'single' topology.
MONGODB | localhost:27017 | videos_development.insert | STARTED | {"insert"=>"videos_videos", "documents"=>[{"title"=>"hello", "description"=>"world", "_id"=>"7292d6f5-a348-4e16-ad0e-60022194e1f0", "updated_at"=>2017-09-06 01:55:23 UTC, "created_at"=>2017-09-06 01:55:23 UTC}], "ordered"=>true}
MONGODB | localhost:27017 | videos_development.insert | SUCCEEDED | 0.000737s
Overwriting existing field _id in class Videos::Video.
Started GET "/videos" for ::1 at 2017-09-05 22:38:27 -0400
  
ActionController::RoutingError (No route matches [GET] "/videos"):
  
actionpack (5.1.3) lib/action_dispatch/middleware/debug_exceptions.rb:63:in `call'
actionpack (5.1.3) lib/action_dispatch/middleware/show_exceptions.rb:31:in `call'
railties (5.1.3) lib/rails/rack/logger.rb:36:in `call_app'
railties (5.1.3) lib/rails/rack/logger.rb:24:in `block in call'
activesupport (5.1.3) lib/active_support/tagged_logging.rb:69:in `block in tagged'
activesupport (5.1.3) lib/active_support/tagged_logging.rb:26:in `tagged'
activesupport (5.1.3) lib/active_support/tagged_logging.rb:69:in `tagged'
railties (5.1.3) lib/rails/rack/logger.rb:24:in `call'
actionpack (5.1.3) lib/action_dispatch/middleware/remote_ip.rb:79:in `call'
actionpack (5.1.3) lib/action_dispatch/middleware/request_id.rb:25:in `call'
rack (2.0.3) lib/rack/runtime.rb:22:in `call'
activesupport (5.1.3) lib/active_support/cache/strategy/local_cache_middleware.rb:27:in `call'
actionpack (5.1.3) lib/action_dispatch/middleware/executor.rb:12:in `call'
actionpack (5.1.3) lib/action_dispatch/middleware/static.rb:125:in `call'
rack (2.0.3) lib/rack/sendfile.rb:111:in `call'
railties (5.1.3) lib/rails/engine.rb:522:in `call'
rack (2.0.3) lib/rack/handler/webrick.rb:86:in `service'
/Users/acopquin/.rvm/rubies/ruby-2.4.1/lib/ruby/2.4.0/webrick/httpserver.rb:140:in `service'
/Users/acopquin/.rvm/rubies/ruby-2.4.1/lib/ruby/2.4.0/webrick/httpserver.rb:96:in `run'
/Users/acopquin/.rvm/rubies/ruby-2.4.1/lib/ruby/2.4.0/webrick/server.rb:290:in `block in start_thread'
Started GET "/videos/videos" for ::1 at 2017-09-05 22:38:35 -0400
  
ActionController::RoutingError (No route matches [GET] "/videos/videos"):
  
actionpack (5.1.3) lib/action_dispatch/middleware/debug_exceptions.rb:63:in `call'
actionpack (5.1.3) lib/action_dispatch/middleware/show_exceptions.rb:31:in `call'
railties (5.1.3) lib/rails/rack/logger.rb:36:in `call_app'
railties (5.1.3) lib/rails/rack/logger.rb:24:in `block in call'
activesupport (5.1.3) lib/active_support/tagged_logging.rb:69:in `block in tagged'
activesupport (5.1.3) lib/active_support/tagged_logging.rb:26:in `tagged'
activesupport (5.1.3) lib/active_support/tagged_logging.rb:69:in `tagged'
railties (5.1.3) lib/rails/rack/logger.rb:24:in `call'
actionpack (5.1.3) lib/action_dispatch/middleware/remote_ip.rb:79:in `call'
actionpack (5.1.3) lib/action_dispatch/middleware/request_id.rb:25:in `call'
rack (2.0.3) lib/rack/runtime.rb:22:in `call'
activesupport (5.1.3) lib/active_support/cache/strategy/local_cache_middleware.rb:27:in `call'
actionpack (5.1.3) lib/action_dispatch/middleware/executor.rb:12:in `call'
actionpack (5.1.3) lib/action_dispatch/middleware/static.rb:125:in `call'
rack (2.0.3) lib/rack/sendfile.rb:111:in `call'
railties (5.1.3) lib/rails/engine.rb:522:in `call'
rack (2.0.3) lib/rack/handler/webrick.rb:86:in `service'
/Users/acopquin/.rvm/rubies/ruby-2.4.1/lib/ruby/2.4.0/webrick/httpserver.rb:140:in `service'
/Users/acopquin/.rvm/rubies/ruby-2.4.1/lib/ruby/2.4.0/webrick/httpserver.rb:96:in `run'
/Users/acopquin/.rvm/rubies/ruby-2.4.1/lib/ruby/2.4.0/webrick/server.rb:290:in `block in start_thread'
Started GET "/" for ::1 at 2017-09-05 22:38:40 -0400
Processing by Rails::WelcomeController#index as */*
  Rendering /Users/acopquin/.rvm/gems/ruby-2.4.1/gems/railties-5.1.3/lib/rails/templates/rails/welcome/index.html.erb
  Rendered /Users/acopquin/.rvm/gems/ruby-2.4.1/gems/railties-5.1.3/lib/rails/templates/rails/welcome/index.html.erb (2.6ms)
Completed 200 OK in 26ms (Views: 14.8ms)


Started GET "/" for ::1 at 2017-09-05 22:39:09 -0400
Processing by Rails::WelcomeController#index as */*
  Rendering /Users/acopquin/.rvm/gems/ruby-2.4.1/gems/railties-5.1.3/lib/rails/templates/rails/welcome/index.html.erb
  Rendered /Users/acopquin/.rvm/gems/ruby-2.4.1/gems/railties-5.1.3/lib/rails/templates/rails/welcome/index.html.erb (1.8ms)
Completed 200 OK in 22ms (Views: 12.1ms)


Started GET "/videos" for ::1 at 2017-09-05 22:39:16 -0400
  
ActionController::RoutingError (No route matches [GET] "/videos"):
  
actionpack (5.1.3) lib/action_dispatch/middleware/debug_exceptions.rb:63:in `call'
actionpack (5.1.3) lib/action_dispatch/middleware/show_exceptions.rb:31:in `call'
railties (5.1.3) lib/rails/rack/logger.rb:36:in `call_app'
railties (5.1.3) lib/rails/rack/logger.rb:24:in `block in call'
activesupport (5.1.3) lib/active_support/tagged_logging.rb:69:in `block in tagged'
activesupport (5.1.3) lib/active_support/tagged_logging.rb:26:in `tagged'
activesupport (5.1.3) lib/active_support/tagged_logging.rb:69:in `tagged'
railties (5.1.3) lib/rails/rack/logger.rb:24:in `call'
actionpack (5.1.3) lib/action_dispatch/middleware/remote_ip.rb:79:in `call'
actionpack (5.1.3) lib/action_dispatch/middleware/request_id.rb:25:in `call'
rack (2.0.3) lib/rack/runtime.rb:22:in `call'
activesupport (5.1.3) lib/active_support/cache/strategy/local_cache_middleware.rb:27:in `call'
actionpack (5.1.3) lib/action_dispatch/middleware/executor.rb:12:in `call'
actionpack (5.1.3) lib/action_dispatch/middleware/static.rb:125:in `call'
rack (2.0.3) lib/rack/sendfile.rb:111:in `call'
railties (5.1.3) lib/rails/engine.rb:522:in `call'
rack (2.0.3) lib/rack/handler/webrick.rb:86:in `service'
/Users/acopquin/.rvm/rubies/ruby-2.4.1/lib/ruby/2.4.0/webrick/httpserver.rb:140:in `service'
/Users/acopquin/.rvm/rubies/ruby-2.4.1/lib/ruby/2.4.0/webrick/httpserver.rb:96:in `run'
/Users/acopquin/.rvm/rubies/ruby-2.4.1/lib/ruby/2.4.0/webrick/server.rb:290:in `block in start_thread'
Started GET "/videos/videos" for ::1 at 2017-09-05 22:39:27 -0400
  
ActionController::RoutingError (No route matches [GET] "/videos/videos"):
  
actionpack (5.1.3) lib/action_dispatch/middleware/debug_exceptions.rb:63:in `call'
actionpack (5.1.3) lib/action_dispatch/middleware/show_exceptions.rb:31:in `call'
railties (5.1.3) lib/rails/rack/logger.rb:36:in `call_app'
railties (5.1.3) lib/rails/rack/logger.rb:24:in `block in call'
activesupport (5.1.3) lib/active_support/tagged_logging.rb:69:in `block in tagged'
activesupport (5.1.3) lib/active_support/tagged_logging.rb:26:in `tagged'
activesupport (5.1.3) lib/active_support/tagged_logging.rb:69:in `tagged'
railties (5.1.3) lib/rails/rack/logger.rb:24:in `call'
actionpack (5.1.3) lib/action_dispatch/middleware/remote_ip.rb:79:in `call'
actionpack (5.1.3) lib/action_dispatch/middleware/request_id.rb:25:in `call'
rack (2.0.3) lib/rack/runtime.rb:22:in `call'
activesupport (5.1.3) lib/active_support/cache/strategy/local_cache_middleware.rb:27:in `call'
actionpack (5.1.3) lib/action_dispatch/middleware/executor.rb:12:in `call'
actionpack (5.1.3) lib/action_dispatch/middleware/static.rb:125:in `call'
rack (2.0.3) lib/rack/sendfile.rb:111:in `call'
railties (5.1.3) lib/rails/engine.rb:522:in `call'
rack (2.0.3) lib/rack/handler/webrick.rb:86:in `service'
/Users/acopquin/.rvm/rubies/ruby-2.4.1/lib/ruby/2.4.0/webrick/httpserver.rb:140:in `service'
/Users/acopquin/.rvm/rubies/ruby-2.4.1/lib/ruby/2.4.0/webrick/httpserver.rb:96:in `run'
/Users/acopquin/.rvm/rubies/ruby-2.4.1/lib/ruby/2.4.0/webrick/server.rb:290:in `block in start_thread'
Started GET "/videos/video" for ::1 at 2017-09-05 22:39:29 -0400
  
ActionController::RoutingError (No route matches [GET] "/videos/video"):
  
actionpack (5.1.3) lib/action_dispatch/middleware/debug_exceptions.rb:63:in `call'
actionpack (5.1.3) lib/action_dispatch/middleware/show_exceptions.rb:31:in `call'
railties (5.1.3) lib/rails/rack/logger.rb:36:in `call_app'
railties (5.1.3) lib/rails/rack/logger.rb:24:in `block in call'
activesupport (5.1.3) lib/active_support/tagged_logging.rb:69:in `block in tagged'
activesupport (5.1.3) lib/active_support/tagged_logging.rb:26:in `tagged'
activesupport (5.1.3) lib/active_support/tagged_logging.rb:69:in `tagged'
railties (5.1.3) lib/rails/rack/logger.rb:24:in `call'
actionpack (5.1.3) lib/action_dispatch/middleware/remote_ip.rb:79:in `call'
actionpack (5.1.3) lib/action_dispatch/middleware/request_id.rb:25:in `call'
rack (2.0.3) lib/rack/runtime.rb:22:in `call'
activesupport (5.1.3) lib/active_support/cache/strategy/local_cache_middleware.rb:27:in `call'
actionpack (5.1.3) lib/action_dispatch/middleware/executor.rb:12:in `call'
actionpack (5.1.3) lib/action_dispatch/middleware/static.rb:125:in `call'
rack (2.0.3) lib/rack/sendfile.rb:111:in `call'
railties (5.1.3) lib/rails/engine.rb:522:in `call'
rack (2.0.3) lib/rack/handler/webrick.rb:86:in `service'
/Users/acopquin/.rvm/rubies/ruby-2.4.1/lib/ruby/2.4.0/webrick/httpserver.rb:140:in `service'
/Users/acopquin/.rvm/rubies/ruby-2.4.1/lib/ruby/2.4.0/webrick/httpserver.rb:96:in `run'
/Users/acopquin/.rvm/rubies/ruby-2.4.1/lib/ruby/2.4.0/webrick/server.rb:290:in `block in start_thread'
Started GET "/" for ::1 at 2017-09-05 22:39:40 -0400
Processing by Rails::WelcomeController#index as HTML
  Rendering /Users/acopquin/.rvm/gems/ruby-2.4.1/gems/railties-5.1.3/lib/rails/templates/rails/welcome/index.html.erb
  Rendered /Users/acopquin/.rvm/gems/ruby-2.4.1/gems/railties-5.1.3/lib/rails/templates/rails/welcome/index.html.erb (1.8ms)
Completed 200 OK in 4ms (Views: 3.0ms)


Started GET "/videos" for ::1 at 2017-09-05 22:39:45 -0400
  
ActionController::RoutingError (No route matches [GET] "/videos"):
  
actionpack (5.1.3) lib/action_dispatch/middleware/debug_exceptions.rb:63:in `call'
actionpack (5.1.3) lib/action_dispatch/middleware/show_exceptions.rb:31:in `call'
railties (5.1.3) lib/rails/rack/logger.rb:36:in `call_app'
railties (5.1.3) lib/rails/rack/logger.rb:24:in `block in call'
activesupport (5.1.3) lib/active_support/tagged_logging.rb:69:in `block in tagged'
activesupport (5.1.3) lib/active_support/tagged_logging.rb:26:in `tagged'
activesupport (5.1.3) lib/active_support/tagged_logging.rb:69:in `tagged'
railties (5.1.3) lib/rails/rack/logger.rb:24:in `call'
actionpack (5.1.3) lib/action_dispatch/middleware/remote_ip.rb:79:in `call'
actionpack (5.1.3) lib/action_dispatch/middleware/request_id.rb:25:in `call'
rack (2.0.3) lib/rack/runtime.rb:22:in `call'
activesupport (5.1.3) lib/active_support/cache/strategy/local_cache_middleware.rb:27:in `call'
actionpack (5.1.3) lib/action_dispatch/middleware/executor.rb:12:in `call'
actionpack (5.1.3) lib/action_dispatch/middleware/static.rb:125:in `call'
rack (2.0.3) lib/rack/sendfile.rb:111:in `call'
railties (5.1.3) lib/rails/engine.rb:522:in `call'
rack (2.0.3) lib/rack/handler/webrick.rb:86:in `service'
/Users/acopquin/.rvm/rubies/ruby-2.4.1/lib/ruby/2.4.0/webrick/httpserver.rb:140:in `service'
/Users/acopquin/.rvm/rubies/ruby-2.4.1/lib/ruby/2.4.0/webrick/httpserver.rb:96:in `run'
/Users/acopquin/.rvm/rubies/ruby-2.4.1/lib/ruby/2.4.0/webrick/server.rb:290:in `block in start_thread'
Started GET "/" for ::1 at 2017-09-05 22:40:00 -0400
Processing by Rails::WelcomeController#index as HTML
  Rendering /Users/acopquin/.rvm/gems/ruby-2.4.1/gems/railties-5.1.3/lib/rails/templates/rails/welcome/index.html.erb
  Rendered /Users/acopquin/.rvm/gems/ruby-2.4.1/gems/railties-5.1.3/lib/rails/templates/rails/welcome/index.html.erb (1.6ms)
Completed 200 OK in 4ms (Views: 2.8ms)


Started GET "/videos" for ::1 at 2017-09-05 22:40:19 -0400
  
ActionController::RoutingError (No route matches [GET] "/videos"):
  
actionpack (5.1.3) lib/action_dispatch/middleware/debug_exceptions.rb:63:in `call'
actionpack (5.1.3) lib/action_dispatch/middleware/show_exceptions.rb:31:in `call'
railties (5.1.3) lib/rails/rack/logger.rb:36:in `call_app'
railties (5.1.3) lib/rails/rack/logger.rb:24:in `block in call'
activesupport (5.1.3) lib/active_support/tagged_logging.rb:69:in `block in tagged'
activesupport (5.1.3) lib/active_support/tagged_logging.rb:26:in `tagged'
activesupport (5.1.3) lib/active_support/tagged_logging.rb:69:in `tagged'
railties (5.1.3) lib/rails/rack/logger.rb:24:in `call'
actionpack (5.1.3) lib/action_dispatch/middleware/remote_ip.rb:79:in `call'
actionpack (5.1.3) lib/action_dispatch/middleware/request_id.rb:25:in `call'
rack (2.0.3) lib/rack/runtime.rb:22:in `call'
activesupport (5.1.3) lib/active_support/cache/strategy/local_cache_middleware.rb:27:in `call'
actionpack (5.1.3) lib/action_dispatch/middleware/executor.rb:12:in `call'
actionpack (5.1.3) lib/action_dispatch/middleware/static.rb:125:in `call'
rack (2.0.3) lib/rack/sendfile.rb:111:in `call'
railties (5.1.3) lib/rails/engine.rb:522:in `call'
rack (2.0.3) lib/rack/handler/webrick.rb:86:in `service'
/Users/acopquin/.rvm/rubies/ruby-2.4.1/lib/ruby/2.4.0/webrick/httpserver.rb:140:in `service'
/Users/acopquin/.rvm/rubies/ruby-2.4.1/lib/ruby/2.4.0/webrick/httpserver.rb:96:in `run'
/Users/acopquin/.rvm/rubies/ruby-2.4.1/lib/ruby/2.4.0/webrick/server.rb:290:in `block in start_thread'
Started GET "/videos" for ::1 at 2017-09-05 22:40:29 -0400
  
ActionController::RoutingError (No route matches [GET] "/videos"):
  
actionpack (5.1.3) lib/action_dispatch/middleware/debug_exceptions.rb:63:in `call'
actionpack (5.1.3) lib/action_dispatch/middleware/show_exceptions.rb:31:in `call'
railties (5.1.3) lib/rails/rack/logger.rb:36:in `call_app'
railties (5.1.3) lib/rails/rack/logger.rb:24:in `block in call'
activesupport (5.1.3) lib/active_support/tagged_logging.rb:69:in `block in tagged'
activesupport (5.1.3) lib/active_support/tagged_logging.rb:26:in `tagged'
activesupport (5.1.3) lib/active_support/tagged_logging.rb:69:in `tagged'
railties (5.1.3) lib/rails/rack/logger.rb:24:in `call'
actionpack (5.1.3) lib/action_dispatch/middleware/remote_ip.rb:79:in `call'
actionpack (5.1.3) lib/action_dispatch/middleware/request_id.rb:25:in `call'
rack (2.0.3) lib/rack/runtime.rb:22:in `call'
activesupport (5.1.3) lib/active_support/cache/strategy/local_cache_middleware.rb:27:in `call'
actionpack (5.1.3) lib/action_dispatch/middleware/executor.rb:12:in `call'
actionpack (5.1.3) lib/action_dispatch/middleware/static.rb:125:in `call'
rack (2.0.3) lib/rack/sendfile.rb:111:in `call'
railties (5.1.3) lib/rails/engine.rb:522:in `call'
rack (2.0.3) lib/rack/handler/webrick.rb:86:in `service'
/Users/acopquin/.rvm/rubies/ruby-2.4.1/lib/ruby/2.4.0/webrick/httpserver.rb:140:in `service'
/Users/acopquin/.rvm/rubies/ruby-2.4.1/lib/ruby/2.4.0/webrick/httpserver.rb:96:in `run'
/Users/acopquin/.rvm/rubies/ruby-2.4.1/lib/ruby/2.4.0/webrick/server.rb:290:in `block in start_thread'
Started GET "/videos/videos" for ::1 at 2017-09-05 22:41:04 -0400
  
ActionController::RoutingError (No route matches [GET] "/videos/videos"):
  
actionpack (5.1.3) lib/action_dispatch/middleware/debug_exceptions.rb:63:in `call'
actionpack (5.1.3) lib/action_dispatch/middleware/show_exceptions.rb:31:in `call'
railties (5.1.3) lib/rails/rack/logger.rb:36:in `call_app'
railties (5.1.3) lib/rails/rack/logger.rb:24:in `block in call'
activesupport (5.1.3) lib/active_support/tagged_logging.rb:69:in `block in tagged'
activesupport (5.1.3) lib/active_support/tagged_logging.rb:26:in `tagged'
activesupport (5.1.3) lib/active_support/tagged_logging.rb:69:in `tagged'
railties (5.1.3) lib/rails/rack/logger.rb:24:in `call'
actionpack (5.1.3) lib/action_dispatch/middleware/remote_ip.rb:79:in `call'
actionpack (5.1.3) lib/action_dispatch/middleware/request_id.rb:25:in `call'
rack (2.0.3) lib/rack/runtime.rb:22:in `call'
activesupport (5.1.3) lib/active_support/cache/strategy/local_cache_middleware.rb:27:in `call'
actionpack (5.1.3) lib/action_dispatch/middleware/executor.rb:12:in `call'
actionpack (5.1.3) lib/action_dispatch/middleware/static.rb:125:in `call'
rack (2.0.3) lib/rack/sendfile.rb:111:in `call'
railties (5.1.3) lib/rails/engine.rb:522:in `call'
rack (2.0.3) lib/rack/handler/webrick.rb:86:in `service'
/Users/acopquin/.rvm/rubies/ruby-2.4.1/lib/ruby/2.4.0/webrick/httpserver.rb:140:in `service'
/Users/acopquin/.rvm/rubies/ruby-2.4.1/lib/ruby/2.4.0/webrick/httpserver.rb:96:in `run'
/Users/acopquin/.rvm/rubies/ruby-2.4.1/lib/ruby/2.4.0/webrick/server.rb:290:in `block in start_thread'
Started GET "/" for ::1 at 2017-09-05 22:41:11 -0400
Processing by Rails::WelcomeController#index as HTML
  Rendering /Users/acopquin/.rvm/gems/ruby-2.4.1/gems/railties-5.1.3/lib/rails/templates/rails/welcome/index.html.erb
  Rendered /Users/acopquin/.rvm/gems/ruby-2.4.1/gems/railties-5.1.3/lib/rails/templates/rails/welcome/index.html.erb (2.2ms)
Completed 200 OK in 5ms (Views: 4.0ms)


Started GET "/" for ::1 at 2017-09-05 22:43:38 -0400
Processing by Rails::WelcomeController#index as HTML
  Rendering /Users/acopquin/.rvm/gems/ruby-2.4.1/gems/railties-5.1.3/lib/rails/templates/rails/welcome/index.html.erb
  Rendered /Users/acopquin/.rvm/gems/ruby-2.4.1/gems/railties-5.1.3/lib/rails/templates/rails/welcome/index.html.erb (2.6ms)
Completed 200 OK in 9ms (Views: 6.9ms)


Started GET "/" for ::1 at 2017-09-05 22:43:50 -0400
Processing by Rails::WelcomeController#index as HTML
  Rendering /Users/acopquin/.rvm/gems/ruby-2.4.1/gems/railties-5.1.3/lib/rails/templates/rails/welcome/index.html.erb
  Rendered /Users/acopquin/.rvm/gems/ruby-2.4.1/gems/railties-5.1.3/lib/rails/templates/rails/welcome/index.html.erb (1.9ms)
Completed 200 OK in 5ms (Views: 3.5ms)


Started GET "/videos" for ::1 at 2017-09-05 22:43:54 -0400
  
ActionController::RoutingError (No route matches [GET] "/videos"):
  
actionpack (5.1.3) lib/action_dispatch/middleware/debug_exceptions.rb:63:in `call'
actionpack (5.1.3) lib/action_dispatch/middleware/show_exceptions.rb:31:in `call'
railties (5.1.3) lib/rails/rack/logger.rb:36:in `call_app'
railties (5.1.3) lib/rails/rack/logger.rb:24:in `block in call'
activesupport (5.1.3) lib/active_support/tagged_logging.rb:69:in `block in tagged'
activesupport (5.1.3) lib/active_support/tagged_logging.rb:26:in `tagged'
activesupport (5.1.3) lib/active_support/tagged_logging.rb:69:in `tagged'
railties (5.1.3) lib/rails/rack/logger.rb:24:in `call'
actionpack (5.1.3) lib/action_dispatch/middleware/remote_ip.rb:79:in `call'
actionpack (5.1.3) lib/action_dispatch/middleware/request_id.rb:25:in `call'
rack (2.0.3) lib/rack/runtime.rb:22:in `call'
activesupport (5.1.3) lib/active_support/cache/strategy/local_cache_middleware.rb:27:in `call'
actionpack (5.1.3) lib/action_dispatch/middleware/executor.rb:12:in `call'
actionpack (5.1.3) lib/action_dispatch/middleware/static.rb:125:in `call'
rack (2.0.3) lib/rack/sendfile.rb:111:in `call'
railties (5.1.3) lib/rails/engine.rb:522:in `call'
rack (2.0.3) lib/rack/handler/webrick.rb:86:in `service'
/Users/acopquin/.rvm/rubies/ruby-2.4.1/lib/ruby/2.4.0/webrick/httpserver.rb:140:in `service'
/Users/acopquin/.rvm/rubies/ruby-2.4.1/lib/ruby/2.4.0/webrick/httpserver.rb:96:in `run'
/Users/acopquin/.rvm/rubies/ruby-2.4.1/lib/ruby/2.4.0/webrick/server.rb:290:in `block in start_thread'
Started GET "/videos/videos" for ::1 at 2017-09-05 22:44:15 -0400
  
ActionController::RoutingError (No route matches [GET] "/videos/videos"):
  
actionpack (5.1.3) lib/action_dispatch/middleware/debug_exceptions.rb:63:in `call'
actionpack (5.1.3) lib/action_dispatch/middleware/show_exceptions.rb:31:in `call'
railties (5.1.3) lib/rails/rack/logger.rb:36:in `call_app'
railties (5.1.3) lib/rails/rack/logger.rb:24:in `block in call'
activesupport (5.1.3) lib/active_support/tagged_logging.rb:69:in `block in tagged'
activesupport (5.1.3) lib/active_support/tagged_logging.rb:26:in `tagged'
activesupport (5.1.3) lib/active_support/tagged_logging.rb:69:in `tagged'
railties (5.1.3) lib/rails/rack/logger.rb:24:in `call'
actionpack (5.1.3) lib/action_dispatch/middleware/remote_ip.rb:79:in `call'
actionpack (5.1.3) lib/action_dispatch/middleware/request_id.rb:25:in `call'
rack (2.0.3) lib/rack/runtime.rb:22:in `call'
activesupport (5.1.3) lib/active_support/cache/strategy/local_cache_middleware.rb:27:in `call'
actionpack (5.1.3) lib/action_dispatch/middleware/executor.rb:12:in `call'
actionpack (5.1.3) lib/action_dispatch/middleware/static.rb:125:in `call'
rack (2.0.3) lib/rack/sendfile.rb:111:in `call'
railties (5.1.3) lib/rails/engine.rb:522:in `call'
rack (2.0.3) lib/rack/handler/webrick.rb:86:in `service'
/Users/acopquin/.rvm/rubies/ruby-2.4.1/lib/ruby/2.4.0/webrick/httpserver.rb:140:in `service'
/Users/acopquin/.rvm/rubies/ruby-2.4.1/lib/ruby/2.4.0/webrick/httpserver.rb:96:in `run'
/Users/acopquin/.rvm/rubies/ruby-2.4.1/lib/ruby/2.4.0/webrick/server.rb:290:in `block in start_thread'
Started GET "/videos/" for ::1 at 2017-09-05 22:44:40 -0400
  
ActionController::RoutingError (No route matches [GET] "/videos"):
  
actionpack (5.1.3) lib/action_dispatch/middleware/debug_exceptions.rb:63:in `call'
actionpack (5.1.3) lib/action_dispatch/middleware/show_exceptions.rb:31:in `call'
railties (5.1.3) lib/rails/rack/logger.rb:36:in `call_app'
railties (5.1.3) lib/rails/rack/logger.rb:24:in `block in call'
activesupport (5.1.3) lib/active_support/tagged_logging.rb:69:in `block in tagged'
activesupport (5.1.3) lib/active_support/tagged_logging.rb:26:in `tagged'
activesupport (5.1.3) lib/active_support/tagged_logging.rb:69:in `tagged'
railties (5.1.3) lib/rails/rack/logger.rb:24:in `call'
actionpack (5.1.3) lib/action_dispatch/middleware/remote_ip.rb:79:in `call'
actionpack (5.1.3) lib/action_dispatch/middleware/request_id.rb:25:in `call'
rack (2.0.3) lib/rack/runtime.rb:22:in `call'
activesupport (5.1.3) lib/active_support/cache/strategy/local_cache_middleware.rb:27:in `call'
actionpack (5.1.3) lib/action_dispatch/middleware/executor.rb:12:in `call'
actionpack (5.1.3) lib/action_dispatch/middleware/static.rb:125:in `call'
rack (2.0.3) lib/rack/sendfile.rb:111:in `call'
railties (5.1.3) lib/rails/engine.rb:522:in `call'
rack (2.0.3) lib/rack/handler/webrick.rb:86:in `service'
/Users/acopquin/.rvm/rubies/ruby-2.4.1/lib/ruby/2.4.0/webrick/httpserver.rb:140:in `service'
/Users/acopquin/.rvm/rubies/ruby-2.4.1/lib/ruby/2.4.0/webrick/httpserver.rb:96:in `run'
/Users/acopquin/.rvm/rubies/ruby-2.4.1/lib/ruby/2.4.0/webrick/server.rb:290:in `block in start_thread'
Started GET "/videos/" for ::1 at 2017-09-05 22:44:50 -0400
Processing by Videos::VideosController#index as HTML
Overwriting existing field _id in class Videos::Video.
MONGODB | Topology type 'unknown' initializing.
MONGODB | Server localhost:27017 initializing.
MONGODB | Topology type 'unknown' changed to type 'single'.
MONGODB | Server description for localhost:27017 changed from 'unknown' to 'standalone'.
MONGODB | There was a change in the members of the 'single' topology.
MONGODB | localhost:27017 | videos_development.find | STARTED | {"find"=>"videos_videos", "filter"=>{}}
MONGODB | localhost:27017 | videos_development.find | SUCCEEDED | 0.000832s
Completed 200 OK in 21ms (Views: 10.8ms)


Started GET "/videos/111" for ::1 at 2017-09-05 22:44:56 -0400
Processing by Videos::VideosController#show as HTML
  Parameters: {"id"=>"111"}
MONGODB | localhost:27017 | videos_development.find | STARTED | {"find"=>"videos_videos", "filter"=>{"_id"=>"111"}}
MONGODB | localhost:27017 | videos_development.find | SUCCEEDED | 0.000392s
Completed 404 Not Found in 412ms


  
Mongoid::Errors::DocumentNotFound (
message:
  Document(s) not found for class Videos::Video with id(s) 111.
summary:
  When calling Videos::Video.find with an id or array of ids, each parameter must match a document in the database or this error will be raised. The search was for the id(s): 111 ... (1 total) and the following ids were not found: 111.
resolution:
  Search for an id that is in the database or set the Mongoid.raise_not_found_error configuration option to false, which will cause a nil to be returned instead of raising this error when searching for a single id, or only the matched documents when searching for multiples.):
  
mongoid (6.1.1) lib/mongoid/criteria.rb:459:in `check_for_missing_documents!'
mongoid (6.1.1) lib/mongoid/criteria/findable.rb:21:in `execute_or_raise'
mongoid (6.1.1) lib/mongoid/criteria/findable.rb:41:in `find'
mongoid (6.1.1) lib/mongoid/findable.rb:94:in `find'
/Users/acopquin/Desktop/projects/video_manager/videos/app/controllers/videos/videos_controller.rb:47:in `set_video'
activesupport (5.1.3) lib/active_support/callbacks.rb:413:in `block in make_lambda'
activesupport (5.1.3) lib/active_support/callbacks.rb:178:in `block (2 levels) in halting_and_conditional'
actionpack (5.1.3) lib/abstract_controller/callbacks.rb:12:in `block (2 levels) in <module:Callbacks>'
activesupport (5.1.3) lib/active_support/callbacks.rb:179:in `block in halting_and_conditional'
activesupport (5.1.3) lib/active_support/callbacks.rb:507:in `block in invoke_before'
activesupport (5.1.3) lib/active_support/callbacks.rb:507:in `each'
activesupport (5.1.3) lib/active_support/callbacks.rb:507:in `invoke_before'
activesupport (5.1.3) lib/active_support/callbacks.rb:130:in `run_callbacks'
actionpack (5.1.3) lib/abstract_controller/callbacks.rb:19:in `process_action'
actionpack (5.1.3) lib/action_controller/metal/rescue.rb:20:in `process_action'
actionpack (5.1.3) lib/action_controller/metal/instrumentation.rb:32:in `block in process_action'
activesupport (5.1.3) lib/active_support/notifications.rb:166:in `block in instrument'
activesupport (5.1.3) lib/active_support/notifications/instrumenter.rb:21:in `instrument'
activesupport (5.1.3) lib/active_support/notifications.rb:166:in `instrument'
actionpack (5.1.3) lib/action_controller/metal/instrumentation.rb:30:in `process_action'
actionpack (5.1.3) lib/action_controller/metal/params_wrapper.rb:252:in `process_action'
actionpack (5.1.3) lib/abstract_controller/base.rb:124:in `process'
actionpack (5.1.3) lib/action_controller/metal.rb:189:in `dispatch'
actionpack (5.1.3) lib/action_controller/metal.rb:253:in `dispatch'
actionpack (5.1.3) lib/action_dispatch/routing/route_set.rb:49:in `dispatch'
actionpack (5.1.3) lib/action_dispatch/routing/route_set.rb:31:in `serve'
actionpack (5.1.3) lib/action_dispatch/journey/router.rb:46:in `block in serve'
actionpack (5.1.3) lib/action_dispatch/journey/router.rb:33:in `each'
actionpack (5.1.3) lib/action_dispatch/journey/router.rb:33:in `serve'
actionpack (5.1.3) lib/action_dispatch/routing/route_set.rb:834:in `call'
railties (5.1.3) lib/rails/engine.rb:522:in `call'
railties (5.1.3) lib/rails/railtie.rb:185:in `public_send'
railties (5.1.3) lib/rails/railtie.rb:185:in `method_missing'
actionpack (5.1.3) lib/action_dispatch/routing/mapper.rb:17:in `block in <class:Constraints>'
actionpack (5.1.3) lib/action_dispatch/routing/mapper.rb:46:in `serve'
actionpack (5.1.3) lib/action_dispatch/journey/router.rb:46:in `block in serve'
actionpack (5.1.3) lib/action_dispatch/journey/router.rb:33:in `each'
actionpack (5.1.3) lib/action_dispatch/journey/router.rb:33:in `serve'
actionpack (5.1.3) lib/action_dispatch/routing/route_set.rb:834:in `call'
rack (2.0.3) lib/rack/etag.rb:25:in `call'
rack (2.0.3) lib/rack/conditional_get.rb:25:in `call'
rack (2.0.3) lib/rack/head.rb:12:in `call'
actionpack (5.1.3) lib/action_dispatch/middleware/callbacks.rb:26:in `block in call'
activesupport (5.1.3) lib/active_support/callbacks.rb:97:in `run_callbacks'
actionpack (5.1.3) lib/action_dispatch/middleware/callbacks.rb:24:in `call'
actionpack (5.1.3) lib/action_dispatch/middleware/executor.rb:12:in `call'
actionpack (5.1.3) lib/action_dispatch/middleware/debug_exceptions.rb:59:in `call'
actionpack (5.1.3) lib/action_dispatch/middleware/show_exceptions.rb:31:in `call'
railties (5.1.3) lib/rails/rack/logger.rb:36:in `call_app'
railties (5.1.3) lib/rails/rack/logger.rb:24:in `block in call'
activesupport (5.1.3) lib/active_support/tagged_logging.rb:69:in `block in tagged'
activesupport (5.1.3) lib/active_support/tagged_logging.rb:26:in `tagged'
activesupport (5.1.3) lib/active_support/tagged_logging.rb:69:in `tagged'
railties (5.1.3) lib/rails/rack/logger.rb:24:in `call'
actionpack (5.1.3) lib/action_dispatch/middleware/remote_ip.rb:79:in `call'
actionpack (5.1.3) lib/action_dispatch/middleware/request_id.rb:25:in `call'
rack (2.0.3) lib/rack/runtime.rb:22:in `call'
activesupport (5.1.3) lib/active_support/cache/strategy/local_cache_middleware.rb:27:in `call'
actionpack (5.1.3) lib/action_dispatch/middleware/executor.rb:12:in `call'
actionpack (5.1.3) lib/action_dispatch/middleware/static.rb:125:in `call'
rack (2.0.3) lib/rack/sendfile.rb:111:in `call'
railties (5.1.3) lib/rails/engine.rb:522:in `call'
rack (2.0.3) lib/rack/handler/webrick.rb:86:in `service'
/Users/acopquin/.rvm/rubies/ruby-2.4.1/lib/ruby/2.4.0/webrick/httpserver.rb:140:in `service'
/Users/acopquin/.rvm/rubies/ruby-2.4.1/lib/ruby/2.4.0/webrick/httpserver.rb:96:in `run'
/Users/acopquin/.rvm/rubies/ruby-2.4.1/lib/ruby/2.4.0/webrick/server.rb:290:in `block in start_thread'
Started GET "/videos/8372c902-2885-4cc6-afee-6cddfb52e4fb" for ::1 at 2017-09-05 22:45:05 -0400
Processing by Videos::VideosController#show as */*
  Parameters: {"id"=>"8372c902-2885-4cc6-afee-6cddfb52e4fb"}
MONGODB | localhost:27017 | videos_development.find | STARTED | {"find"=>"videos_videos", "filter"=>{"_id"=>"8372c902-2885-4cc6-afee-6cddfb52e4fb"}}
MONGODB | localhost:27017 | videos_development.find | SUCCEEDED | 0.000368s
Completed 200 OK in 2ms (Views: 0.4ms)


Started GET "/videos/11" for ::1 at 2017-09-05 22:45:11 -0400
Processing by Videos::VideosController#show as */*
  Parameters: {"id"=>"11"}
MONGODB | localhost:27017 | videos_development.find | STARTED | {"find"=>"videos_videos", "filter"=>{"_id"=>"11"}}
MONGODB | localhost:27017 | videos_development.find | SUCCEEDED | 0.000351s
Completed 404 Not Found in 1ms


  
Mongoid::Errors::DocumentNotFound (
message:
  Document(s) not found for class Videos::Video with id(s) 11.
summary:
  When calling Videos::Video.find with an id or array of ids, each parameter must match a document in the database or this error will be raised. The search was for the id(s): 11 ... (1 total) and the following ids were not found: 11.
resolution:
  Search for an id that is in the database or set the Mongoid.raise_not_found_error configuration option to false, which will cause a nil to be returned instead of raising this error when searching for a single id, or only the matched documents when searching for multiples.):
  
mongoid (6.1.1) lib/mongoid/criteria.rb:459:in `check_for_missing_documents!'
mongoid (6.1.1) lib/mongoid/criteria/findable.rb:21:in `execute_or_raise'
mongoid (6.1.1) lib/mongoid/criteria/findable.rb:41:in `find'
mongoid (6.1.1) lib/mongoid/findable.rb:94:in `find'
/Users/acopquin/Desktop/projects/video_manager/videos/app/controllers/videos/videos_controller.rb:47:in `set_video'
activesupport (5.1.3) lib/active_support/callbacks.rb:413:in `block in make_lambda'
activesupport (5.1.3) lib/active_support/callbacks.rb:178:in `block (2 levels) in halting_and_conditional'
actionpack (5.1.3) lib/abstract_controller/callbacks.rb:12:in `block (2 levels) in <module:Callbacks>'
activesupport (5.1.3) lib/active_support/callbacks.rb:179:in `block in halting_and_conditional'
activesupport (5.1.3) lib/active_support/callbacks.rb:507:in `block in invoke_before'
activesupport (5.1.3) lib/active_support/callbacks.rb:507:in `each'
activesupport (5.1.3) lib/active_support/callbacks.rb:507:in `invoke_before'
activesupport (5.1.3) lib/active_support/callbacks.rb:130:in `run_callbacks'
actionpack (5.1.3) lib/abstract_controller/callbacks.rb:19:in `process_action'
actionpack (5.1.3) lib/action_controller/metal/rescue.rb:20:in `process_action'
actionpack (5.1.3) lib/action_controller/metal/instrumentation.rb:32:in `block in process_action'
activesupport (5.1.3) lib/active_support/notifications.rb:166:in `block in instrument'
activesupport (5.1.3) lib/active_support/notifications/instrumenter.rb:21:in `instrument'
activesupport (5.1.3) lib/active_support/notifications.rb:166:in `instrument'
actionpack (5.1.3) lib/action_controller/metal/instrumentation.rb:30:in `process_action'
actionpack (5.1.3) lib/action_controller/metal/params_wrapper.rb:252:in `process_action'
actionpack (5.1.3) lib/abstract_controller/base.rb:124:in `process'
actionpack (5.1.3) lib/action_controller/metal.rb:189:in `dispatch'
actionpack (5.1.3) lib/action_controller/metal.rb:253:in `dispatch'
actionpack (5.1.3) lib/action_dispatch/routing/route_set.rb:49:in `dispatch'
actionpack (5.1.3) lib/action_dispatch/routing/route_set.rb:31:in `serve'
actionpack (5.1.3) lib/action_dispatch/journey/router.rb:46:in `block in serve'
actionpack (5.1.3) lib/action_dispatch/journey/router.rb:33:in `each'
actionpack (5.1.3) lib/action_dispatch/journey/router.rb:33:in `serve'
actionpack (5.1.3) lib/action_dispatch/routing/route_set.rb:834:in `call'
railties (5.1.3) lib/rails/engine.rb:522:in `call'
railties (5.1.3) lib/rails/railtie.rb:185:in `public_send'
railties (5.1.3) lib/rails/railtie.rb:185:in `method_missing'
actionpack (5.1.3) lib/action_dispatch/routing/mapper.rb:17:in `block in <class:Constraints>'
actionpack (5.1.3) lib/action_dispatch/routing/mapper.rb:46:in `serve'
actionpack (5.1.3) lib/action_dispatch/journey/router.rb:46:in `block in serve'
actionpack (5.1.3) lib/action_dispatch/journey/router.rb:33:in `each'
actionpack (5.1.3) lib/action_dispatch/journey/router.rb:33:in `serve'
actionpack (5.1.3) lib/action_dispatch/routing/route_set.rb:834:in `call'
rack (2.0.3) lib/rack/etag.rb:25:in `call'
rack (2.0.3) lib/rack/conditional_get.rb:25:in `call'
rack (2.0.3) lib/rack/head.rb:12:in `call'
actionpack (5.1.3) lib/action_dispatch/middleware/callbacks.rb:26:in `block in call'
activesupport (5.1.3) lib/active_support/callbacks.rb:97:in `run_callbacks'
actionpack (5.1.3) lib/action_dispatch/middleware/callbacks.rb:24:in `call'
actionpack (5.1.3) lib/action_dispatch/middleware/executor.rb:12:in `call'
actionpack (5.1.3) lib/action_dispatch/middleware/debug_exceptions.rb:59:in `call'
actionpack (5.1.3) lib/action_dispatch/middleware/show_exceptions.rb:31:in `call'
railties (5.1.3) lib/rails/rack/logger.rb:36:in `call_app'
railties (5.1.3) lib/rails/rack/logger.rb:24:in `block in call'
activesupport (5.1.3) lib/active_support/tagged_logging.rb:69:in `block in tagged'
activesupport (5.1.3) lib/active_support/tagged_logging.rb:26:in `tagged'
activesupport (5.1.3) lib/active_support/tagged_logging.rb:69:in `tagged'
railties (5.1.3) lib/rails/rack/logger.rb:24:in `call'
actionpack (5.1.3) lib/action_dispatch/middleware/remote_ip.rb:79:in `call'
actionpack (5.1.3) lib/action_dispatch/middleware/request_id.rb:25:in `call'
rack (2.0.3) lib/rack/runtime.rb:22:in `call'
activesupport (5.1.3) lib/active_support/cache/strategy/local_cache_middleware.rb:27:in `call'
actionpack (5.1.3) lib/action_dispatch/middleware/executor.rb:12:in `call'
actionpack (5.1.3) lib/action_dispatch/middleware/static.rb:125:in `call'
rack (2.0.3) lib/rack/sendfile.rb:111:in `call'
railties (5.1.3) lib/rails/engine.rb:522:in `call'
rack (2.0.3) lib/rack/handler/webrick.rb:86:in `service'
/Users/acopquin/.rvm/rubies/ruby-2.4.1/lib/ruby/2.4.0/webrick/httpserver.rb:140:in `service'
/Users/acopquin/.rvm/rubies/ruby-2.4.1/lib/ruby/2.4.0/webrick/httpserver.rb:96:in `run'
/Users/acopquin/.rvm/rubies/ruby-2.4.1/lib/ruby/2.4.0/webrick/server.rb:290:in `block in start_thread'
Started POST "/videos" for ::1 at 2017-09-05 22:45:35 -0400
Processing by Videos::VideosController#create as */*
  Parameters: {"video"=>{"description"=>"you are !"}}
Completed 422 Unprocessable Entity in 4ms (Views: 0.1ms)


Started GET "/videos/8372c902-2885-4cc6-afee-6cddfb52e4fb" for ::1 at 2017-09-05 22:45:51 -0400
Processing by Videos::VideosController#show as */*
  Parameters: {"id"=>"8372c902-2885-4cc6-afee-6cddfb52e4fb"}
MONGODB | localhost:27017 | videos_development.find | STARTED | {"find"=>"videos_videos", "filter"=>{"_id"=>"8372c902-2885-4cc6-afee-6cddfb52e4fb"}}
MONGODB | localhost:27017 | videos_development.find | SUCCEEDED | 0.000367s
Completed 200 OK in 1ms (Views: 0.3ms)


Overwriting existing field _id in class Videos::Video.
MONGODB | Topology type 'unknown' initializing.
MONGODB | Server localhost:27017 initializing.
MONGODB | Topology type 'unknown' changed to type 'single'.
MONGODB | Server description for localhost:27017 changed from 'unknown' to 'standalone'.
MONGODB | There was a change in the members of the 'single' topology.
MONGODB | localhost:27017 | videos_development.find | STARTED | {"find"=>"videos_videos", "filter"=>{"_id"=>"11"}}
MONGODB | localhost:27017 | videos_development.find | SUCCEEDED | 0.000668s
Started POST "/videos" for ::1 at 2017-09-05 22:57:34 -0400
Overwriting existing field _id in class Videos::Video.
Processing by Videos::VideosController#create as */*
  Parameters: {"video"=>{"title"=>"more than a woman", "description"=>"sss"}}
MONGODB | Topology type 'unknown' initializing.
MONGODB | Server localhost:27017 initializing.
MONGODB | Topology type 'unknown' changed to type 'single'.
MONGODB | Server description for localhost:27017 changed from 'unknown' to 'standalone'.
MONGODB | There was a change in the members of the 'single' topology.
MONGODB | localhost:27017 | videos_development.insert | STARTED | {"insert"=>"videos_videos", "documents"=>[{"title"=>"more than a woman", "description"=>"sss", "_id"=>"62448771-f561-46f4-94dd-948b71494554", "updated_at"=>2017-09-06 02:57:34 UTC, "created_at"=>2017-09-06 02:57:34 UTC}], "ordered"=>true}
MONGODB | localhost:27017 | videos_development.insert | SUCCEEDED | 0.001015s
Completed 201 Created in 15ms (Views: 1.2ms)


Started POST "/videos" for ::1 at 2017-09-05 22:59:07 -0400
Processing by Videos::VideosController#create as */*
  Parameters: {"video"=>{"description"=>"sss"}}
Completed 422 Unprocessable Entity in 402ms (Views: 0.2ms)


Started PUT "/videos/8372c902-2885-4cc6-afee-6cddfb52e4fb" for ::1 at 2017-09-05 23:09:49 -0400
Overwriting existing field _id in class Videos::Video.
Processing by Videos::VideosController#update as */*
  Parameters: {"video"=>{"title"=>"more than a woman", "description"=>"sss"}, "id"=>"8372c902-2885-4cc6-afee-6cddfb52e4fb"}
MONGODB | Topology type 'unknown' initializing.
MONGODB | Server localhost:27017 initializing.
MONGODB | Topology type 'unknown' changed to type 'single'.
MONGODB | Server description for localhost:27017 changed from 'unknown' to 'standalone'.
MONGODB | There was a change in the members of the 'single' topology.
MONGODB | localhost:27017 | videos_development.find | STARTED | {"find"=>"videos_videos", "filter"=>{"_id"=>"8372c902-2885-4cc6-afee-6cddfb52e4fb"}}
MONGODB | localhost:27017 | videos_development.find | SUCCEEDED | 0.0007109999999999999s
MONGODB | localhost:27017 | videos_development.update | STARTED | {"update"=>"videos_videos", "updates"=>[{"q"=>{"_id"=>"8372c902-2885-4cc6-afee-6cddfb52e4fb"}, "u"=>{"$set"=>{"title"=>"more than a woman", "description"=>"sss", "updated_at"=>2017-09-06 03:09:49 UTC}}, "multi"=>false, "upsert"=>false}], "ordered"=>tr...
MONGODB | localhost:27017 | videos_development.update | SUCCEEDED | 0.000354s
Completed 200 OK in 7ms (Views: 0.4ms)


Started DELETE "/8372c902-2885-4cc6-afee-6cddfb52e4f" for ::1 at 2017-09-05 23:23:16 -0400
  
ActionController::RoutingError (No route matches [DELETE] "/8372c902-2885-4cc6-afee-6cddfb52e4f"):
  
actionpack (5.1.3) lib/action_dispatch/middleware/debug_exceptions.rb:63:in `call'
actionpack (5.1.3) lib/action_dispatch/middleware/show_exceptions.rb:31:in `call'
railties (5.1.3) lib/rails/rack/logger.rb:36:in `call_app'
railties (5.1.3) lib/rails/rack/logger.rb:24:in `block in call'
activesupport (5.1.3) lib/active_support/tagged_logging.rb:69:in `block in tagged'
activesupport (5.1.3) lib/active_support/tagged_logging.rb:26:in `tagged'
activesupport (5.1.3) lib/active_support/tagged_logging.rb:69:in `tagged'
railties (5.1.3) lib/rails/rack/logger.rb:24:in `call'
actionpack (5.1.3) lib/action_dispatch/middleware/remote_ip.rb:79:in `call'
actionpack (5.1.3) lib/action_dispatch/middleware/request_id.rb:25:in `call'
rack (2.0.3) lib/rack/runtime.rb:22:in `call'
activesupport (5.1.3) lib/active_support/cache/strategy/local_cache_middleware.rb:27:in `call'
actionpack (5.1.3) lib/action_dispatch/middleware/executor.rb:12:in `call'
actionpack (5.1.3) lib/action_dispatch/middleware/static.rb:125:in `call'
rack (2.0.3) lib/rack/sendfile.rb:111:in `call'
railties (5.1.3) lib/rails/engine.rb:522:in `call'
rack (2.0.3) lib/rack/handler/webrick.rb:86:in `service'
/Users/acopquin/.rvm/rubies/ruby-2.4.1/lib/ruby/2.4.0/webrick/httpserver.rb:140:in `service'
/Users/acopquin/.rvm/rubies/ruby-2.4.1/lib/ruby/2.4.0/webrick/httpserver.rb:96:in `run'
/Users/acopquin/.rvm/rubies/ruby-2.4.1/lib/ruby/2.4.0/webrick/server.rb:290:in `block in start_thread'
Started DELETE "/8372c902-2885-4cc6-afee-6cddfb52e4fb" for ::1 at 2017-09-05 23:23:20 -0400
  
ActionController::RoutingError (No route matches [DELETE] "/8372c902-2885-4cc6-afee-6cddfb52e4fb"):
  
actionpack (5.1.3) lib/action_dispatch/middleware/debug_exceptions.rb:63:in `call'
actionpack (5.1.3) lib/action_dispatch/middleware/show_exceptions.rb:31:in `call'
railties (5.1.3) lib/rails/rack/logger.rb:36:in `call_app'
railties (5.1.3) lib/rails/rack/logger.rb:24:in `block in call'
activesupport (5.1.3) lib/active_support/tagged_logging.rb:69:in `block in tagged'
activesupport (5.1.3) lib/active_support/tagged_logging.rb:26:in `tagged'
activesupport (5.1.3) lib/active_support/tagged_logging.rb:69:in `tagged'
railties (5.1.3) lib/rails/rack/logger.rb:24:in `call'
actionpack (5.1.3) lib/action_dispatch/middleware/remote_ip.rb:79:in `call'
actionpack (5.1.3) lib/action_dispatch/middleware/request_id.rb:25:in `call'
rack (2.0.3) lib/rack/runtime.rb:22:in `call'
activesupport (5.1.3) lib/active_support/cache/strategy/local_cache_middleware.rb:27:in `call'
actionpack (5.1.3) lib/action_dispatch/middleware/executor.rb:12:in `call'
actionpack (5.1.3) lib/action_dispatch/middleware/static.rb:125:in `call'
rack (2.0.3) lib/rack/sendfile.rb:111:in `call'
railties (5.1.3) lib/rails/engine.rb:522:in `call'
rack (2.0.3) lib/rack/handler/webrick.rb:86:in `service'
/Users/acopquin/.rvm/rubies/ruby-2.4.1/lib/ruby/2.4.0/webrick/httpserver.rb:140:in `service'
/Users/acopquin/.rvm/rubies/ruby-2.4.1/lib/ruby/2.4.0/webrick/httpserver.rb:96:in `run'
/Users/acopquin/.rvm/rubies/ruby-2.4.1/lib/ruby/2.4.0/webrick/server.rb:290:in `block in start_thread'
Started GET "/videos" for ::1 at 2017-09-05 23:23:34 -0400
Processing by Videos::VideosController#index as */*
Overwriting existing field _id in class Videos::Video.
MONGODB | Topology type 'unknown' initializing.
MONGODB | Server localhost:27017 initializing.
MONGODB | Topology type 'unknown' changed to type 'single'.
MONGODB | Server description for localhost:27017 changed from 'unknown' to 'standalone'.
MONGODB | There was a change in the members of the 'single' topology.
MONGODB | localhost:27017 | videos_development.find | STARTED | {"find"=>"videos_videos", "filter"=>{}}
MONGODB | localhost:27017 | videos_development.find | SUCCEEDED | 0.000919s
Completed 200 OK in 23ms (Views: 11.1ms)


Started DELETE "/8372c902-2885-4cc6-afee-6cddfb52e4fb" for ::1 at 2017-09-05 23:23:51 -0400
  
ActionController::RoutingError (No route matches [DELETE] "/8372c902-2885-4cc6-afee-6cddfb52e4fb"):
  
actionpack (5.1.3) lib/action_dispatch/middleware/debug_exceptions.rb:63:in `call'
actionpack (5.1.3) lib/action_dispatch/middleware/show_exceptions.rb:31:in `call'
railties (5.1.3) lib/rails/rack/logger.rb:36:in `call_app'
railties (5.1.3) lib/rails/rack/logger.rb:24:in `block in call'
activesupport (5.1.3) lib/active_support/tagged_logging.rb:69:in `block in tagged'
activesupport (5.1.3) lib/active_support/tagged_logging.rb:26:in `tagged'
activesupport (5.1.3) lib/active_support/tagged_logging.rb:69:in `tagged'
railties (5.1.3) lib/rails/rack/logger.rb:24:in `call'
actionpack (5.1.3) lib/action_dispatch/middleware/remote_ip.rb:79:in `call'
actionpack (5.1.3) lib/action_dispatch/middleware/request_id.rb:25:in `call'
rack (2.0.3) lib/rack/runtime.rb:22:in `call'
activesupport (5.1.3) lib/active_support/cache/strategy/local_cache_middleware.rb:27:in `call'
actionpack (5.1.3) lib/action_dispatch/middleware/executor.rb:12:in `call'
actionpack (5.1.3) lib/action_dispatch/middleware/static.rb:125:in `call'
rack (2.0.3) lib/rack/sendfile.rb:111:in `call'
railties (5.1.3) lib/rails/engine.rb:522:in `call'
rack (2.0.3) lib/rack/handler/webrick.rb:86:in `service'
/Users/acopquin/.rvm/rubies/ruby-2.4.1/lib/ruby/2.4.0/webrick/httpserver.rb:140:in `service'
/Users/acopquin/.rvm/rubies/ruby-2.4.1/lib/ruby/2.4.0/webrick/httpserver.rb:96:in `run'
/Users/acopquin/.rvm/rubies/ruby-2.4.1/lib/ruby/2.4.0/webrick/server.rb:290:in `block in start_thread'
Started DELETE "/videos/8372c902-2885-4cc6-afee-6cddfb52e4fb" for ::1 at 2017-09-05 23:24:06 -0400
Processing by Videos::VideosController#destroy as */*
  Parameters: {"id"=>"8372c902-2885-4cc6-afee-6cddfb52e4fb"}
MONGODB | localhost:27017 | videos_development.find | STARTED | {"find"=>"videos_videos", "filter"=>{"_id"=>"8372c902-2885-4cc6-afee-6cddfb52e4fb"}}
MONGODB | localhost:27017 | videos_development.find | SUCCEEDED | 0.000408s
MONGODB | localhost:27017 | videos_development.delete | STARTED | {"delete"=>"videos_videos", "deletes"=>[{"q"=>{"_id"=>"8372c902-2885-4cc6-afee-6cddfb52e4fb"}, "limit"=>1}], "ordered"=>true}
MONGODB | localhost:27017 | videos_development.delete | SUCCEEDED | 0.000281s
Completed 204 No Content in 2ms


Overwriting existing field _id in class Videos::Video.
MONGODB | Topology type 'unknown' initializing.
MONGODB | Server localhost:27017 initializing.
MONGODB | Topology type 'unknown' changed to type 'single'.
MONGODB | Server description for localhost:27017 changed from 'unknown' to 'standalone'.
MONGODB | There was a change in the members of the 'single' topology.
MONGODB | localhost:27017 | videos_development.insert | STARTED | {"insert"=>"videos_videos", "documents"=>[{"title"=>"mengano", "description"=>"yehaa", "_id"=>"7c763819-eb46-4472-bea6-43f5493ddc98", "updated_at"=>2017-09-08 20:58:37 UTC, "created_at"=>2017-09-08 20:58:37 UTC}], "ordered"=>true}
MONGODB | localhost:27017 | videos_development.insert | SUCCEEDED | 0.00058s
MONGODB | localhost:27017 | videos_development.find | STARTED | {"find"=>"videos_videos", "filter"=>{}, "sort"=>{"_id"=>1}, "limit"=>1, "singleBatch"=>true}
MONGODB | localhost:27017 | videos_development.find | SUCCEEDED | 0.0073679999999999995s
MONGODB | localhost:27017 | videos_development.find | STARTED | {"find"=>"videos_videos", "filter"=>{"_id"=>"7c763819-eb46-4472-bea6-43f5493ddc98"}}
MONGODB | localhost:27017 | videos_development.find | SUCCEEDED | 0.0019509999999999998s
